#
# There is insufficient memory for the Java Runtime Environment to continue.
# Native memory allocation (malloc) failed to allocate 692096 bytes for Chunk::new
# Possible reasons:
#   The system is out of physical RAM or swap space
#   The process is running with CompressedOops enabled, and the Java Heap may be blocking the growth of the native heap
# Possible solutions:
#   Reduce memory load on the system
#   Increase physical memory or swap space
#   Check if swap backing store is full
#   Decrease Java heap size (-Xmx/-Xms)
#   Decrease number of Java threads
#   Decrease Java thread stack sizes (-Xss)
#   Set larger code cache with -XX:ReservedCodeCacheSize=
#   JVM is running with Unscaled Compressed Oops mode in which the Java heap is
#     placed in the first 4GB address space. The Java Heap base address is the
#     maximum limit for the native heap growth. Please use -XX:HeapBaseMinAddress
#     to set the Java Heap base and to place the Java Heap above 4GB virtual address.
# This output file may be truncated or incomplete.
#
#  Out of Memory Error (allocation.cpp:389), pid=23424, tid=0x000000000000518c
#
# JRE version: Java(TM) SE Runtime Environment (8.0_291-b10) (build 1.8.0_291-b10)
# Java VM: Java HotSpot(TM) 64-Bit Server VM (25.291-b10 mixed mode windows-amd64 compressed oops)
# Failed to write core dump. Minidumps are not enabled by default on client versions of Windows
#

---------------  T H R E A D  ---------------

Current thread (0x00000291299da800):  JavaThread "C2 CompilerThread2" daemon [_thread_in_native, id=20876, stack(0x000000fca7f00000,0x000000fca8000000)]

Stack: [0x000000fca7f00000,0x000000fca8000000]
Native frames: (J=compiled Java code, j=interpreted, Vv=VM code, C=native code)
V  [jvm.dll+0x32ea19]
V  [jvm.dll+0x275462]
V  [jvm.dll+0x27610d]
V  [jvm.dll+0x26cb45]
V  [jvm.dll+0xd524c]
V  [jvm.dll+0xd5a4c]
V  [jvm.dll+0x452872]
V  [jvm.dll+0x48dcdd]
V  [jvm.dll+0x442028]
V  [jvm.dll+0x43fae4]
V  [jvm.dll+0x42aa57]
V  [jvm.dll+0xabeeb]
V  [jvm.dll+0xaa54b]
V  [jvm.dll+0x23db02]
V  [jvm.dll+0x29210c]
C  [ucrtbase.dll+0x21bb2]
C  [KERNEL32.DLL+0x17034]
C  [ntdll.dll+0x52651]


Current CompileTask:
C2:  11920 3666   !   4       org.apache.maven.model.ModelBase::clone (397 bytes)


---------------  P R O C E S S  ---------------

Java Threads: ( => current thread )
  0x000002912ad80800 JavaThread "Service Thread" daemon [_thread_blocked, id=15160, stack(0x000000fca8100000,0x000000fca8200000)]
  0x00000291299e0000 JavaThread "C1 CompilerThread3" daemon [_thread_blocked, id=2576, stack(0x000000fca8000000,0x000000fca8100000)]
=>0x00000291299da800 JavaThread "C2 CompilerThread2" daemon [_thread_in_native, id=20876, stack(0x000000fca7f00000,0x000000fca8000000)]
  0x00000291299d6000 JavaThread "C2 CompilerThread1" daemon [_thread_blocked, id=12864, stack(0x000000fca7e00000,0x000000fca7f00000)]
  0x00000291299cf000 JavaThread "C2 CompilerThread0" daemon [_thread_blocked, id=196, stack(0x000000fca7d00000,0x000000fca7e00000)]
  0x00000291299c9000 JavaThread "Attach Listener" daemon [_thread_blocked, id=19720, stack(0x000000fca7c00000,0x000000fca7d00000)]
  0x00000291299c3000 JavaThread "Signal Dispatcher" daemon [_thread_blocked, id=18292, stack(0x000000fca7b00000,0x000000fca7c00000)]
  0x00000291299a3000 JavaThread "Finalizer" daemon [_thread_blocked, id=22904, stack(0x000000fca7a00000,0x000000fca7b00000)]
  0x0000029129979800 JavaThread "Reference Handler" daemon [_thread_blocked, id=20768, stack(0x000000fca7900000,0x000000fca7a00000)]
  0x00000291140c8000 JavaThread "main" [_thread_in_vm, id=24500, stack(0x000000fca6f00000,0x000000fca7000000)]

Other Threads:
  0x0000029128d8d000 VMThread [stack: 0x000000fca7800000,0x000000fca7900000] [id=14084]
  0x000002912ad81800 WatcherThread [stack: 0x000000fca8200000,0x000000fca8300000] [id=3856]

VM state:not at safepoint (normal execution)

VM Mutex/Monitor currently owned by a thread: None

heap address: 0x00000000a1e00000, size: 1506 MB, Compressed Oops mode: 32-bit
Narrow klass base: 0x0000000000000000, Narrow klass shift: 3
Compressed class space size: 1073741824 Address: 0x0000000100000000

Heap:
 PSYoungGen      total 108544K, used 26045K [0x00000000e0a00000, 0x00000000ec180000, 0x0000000100000000)
  eden space 93696K, 11% used [0x00000000e0a00000,0x00000000e14ef4a0,0x00000000e6580000)
  from space 14848K, 100% used [0x00000000e6580000,0x00000000e7400000,0x00000000e7400000)
  to   space 18944K, 0% used [0x00000000eaf00000,0x00000000eaf00000,0x00000000ec180000)
 ParOldGen       total 65536K, used 19804K [0x00000000a1e00000, 0x00000000a5e00000, 0x00000000e0a00000)
  object space 65536K, 30% used [0x00000000a1e00000,0x00000000a3157058,0x00000000a5e00000)
 Metaspace       used 17173K, capacity 17634K, committed 17792K, reserved 1064960K
  class space    used 1981K, capacity 2125K, committed 2176K, reserved 1048576K

Card table byte_map: [0x0000029124d60000,0x0000029125060000] byte_map_base: 0x0000029124851000

Marking Bits: (ParMarkBitMap*) 0x0000000052067fe0
 Begin Bits: [0x0000029125260000, 0x00000291269e8000)
 End Bits:   [0x00000291269e8000, 0x0000029128170000)

Polling page: 0x0000029114340000

CodeCache: size=245760Kb used=12134Kb max_used=12804Kb free=233625Kb
 bounds [0x00000291159a0000, 0x0000029116630000, 0x00000291249a0000]
 total_blobs=3660 nmethods=3312 adapters=261
 compilation: enabled

Compilation events (10 events):
Event: 11.592 Thread 0x00000291299e0000 nmethod 3770 0x0000029116204f10 code [0x0000029116205060, 0x0000029116205178]
Event: 11.592 Thread 0x00000291299e0000 3771       1       java.util.Collections$EmptyList::size (2 bytes)
Event: 11.592 Thread 0x00000291299e0000 nmethod 3771 0x0000029116204c50 code [0x0000029116204da0, 0x0000029116204eb8]
Event: 11.593 Thread 0x00000291299e0000 3772       3       org.apache.maven.project.MavenProject::addArtifactPath (23 bytes)
Event: 11.593 Thread 0x00000291299e0000 nmethod 3772 0x0000029115d1a2d0 code [0x0000029115d1a440, 0x0000029115d1a730]
Event: 11.593 Thread 0x00000291299e0000 3773       3       org.eclipse.sisu.plexus.Roles::camelizeName (126 bytes)
Event: 11.595 Thread 0x00000291299e0000 nmethod 3773 0x0000029115cd4250 code [0x0000029115cd4580, 0x0000029115cd6270]
Event: 11.604 Thread 0x00000291299e0000 3774       3       java.lang.Class::searchMethods (90 bytes)
Event: 11.605 Thread 0x00000291299cf000 nmethod 3752 0x000002911610e950 code [0x000002911610ec00, 0x0000029116110130]
Event: 11.606 Thread 0x00000291299e0000 nmethod 3774 0x00000291162df510 code [0x00000291162df760, 0x00000291162e06c0]

GC Heap History (10 events):
Event: 5.026 GC heap before
{Heap before GC invocations=5 (full 0):
 PSYoungGen      total 28672K, used 28640K [0x00000000e0a00000, 0x00000000e2a00000, 0x0000000100000000)
  eden space 24576K, 100% used [0x00000000e0a00000,0x00000000e2200000,0x00000000e2200000)
  from space 4096K, 99% used [0x00000000e2600000,0x00000000e29f8040,0x00000000e2a00000)
  to   space 4096K, 0% used [0x00000000e2200000,0x00000000e2200000,0x00000000e2600000)
 ParOldGen       total 65536K, used 5746K [0x00000000a1e00000, 0x00000000a5e00000, 0x00000000e0a00000)
  object space 65536K, 8% used [0x00000000a1e00000,0x00000000a239caf8,0x00000000a5e00000)
 Metaspace       used 14264K, capacity 14504K, committed 14720K, reserved 1062912K
  class space    used 1770K, capacity 1876K, committed 1920K, reserved 1048576K
Event: 5.036 GC heap after
Heap after GC invocations=5 (full 0):
 PSYoungGen      total 28672K, used 4064K [0x00000000e0a00000, 0x00000000e4900000, 0x0000000100000000)
  eden space 24576K, 0% used [0x00000000e0a00000,0x00000000e0a00000,0x00000000e2200000)
  from space 4096K, 99% used [0x00000000e2200000,0x00000000e25f8020,0x00000000e2600000)
  to   space 7680K, 0% used [0x00000000e4180000,0x00000000e4180000,0x00000000e4900000)
 ParOldGen       total 65536K, used 7394K [0x00000000a1e00000, 0x00000000a5e00000, 0x00000000e0a00000)
  object space 65536K, 11% used [0x00000000a1e00000,0x00000000a2538af8,0x00000000a5e00000)
 Metaspace       used 14264K, capacity 14504K, committed 14720K, reserved 1062912K
  class space    used 1770K, capacity 1876K, committed 1920K, reserved 1048576K
}
Event: 5.448 GC heap before
{Heap before GC invocations=6 (full 0):
 PSYoungGen      total 28672K, used 28640K [0x00000000e0a00000, 0x00000000e4900000, 0x0000000100000000)
  eden space 24576K, 100% used [0x00000000e0a00000,0x00000000e2200000,0x00000000e2200000)
  from space 4096K, 99% used [0x00000000e2200000,0x00000000e25f8020,0x00000000e2600000)
  to   space 7680K, 0% used [0x00000000e4180000,0x00000000e4180000,0x00000000e4900000)
 ParOldGen       total 65536K, used 7394K [0x00000000a1e00000, 0x00000000a5e00000, 0x00000000e0a00000)
  object space 65536K, 11% used [0x00000000a1e00000,0x00000000a2538af8,0x00000000a5e00000)
 Metaspace       used 14559K, capacity 14766K, committed 14976K, reserved 1062912K
  class space    used 1780K, capacity 1877K, committed 1920K, reserved 1048576K
Event: 5.472 GC heap after
Heap after GC invocations=6 (full 0):
 PSYoungGen      total 55808K, used 7664K [0x00000000e0a00000, 0x00000000e4b00000, 0x0000000100000000)
  eden space 48128K, 0% used [0x00000000e0a00000,0x00000000e0a00000,0x00000000e3900000)
  from space 7680K, 99% used [0x00000000e4180000,0x00000000e48fc030,0x00000000e4900000)
  to   space 8704K, 0% used [0x00000000e3900000,0x00000000e3900000,0x00000000e4180000)
 ParOldGen       total 65536K, used 7552K [0x00000000a1e00000, 0x00000000a5e00000, 0x00000000e0a00000)
  object space 65536K, 11% used [0x00000000a1e00000,0x00000000a2560318,0x00000000a5e00000)
 Metaspace       used 14559K, capacity 14766K, committed 14976K, reserved 1062912K
  class space    used 1780K, capacity 1877K, committed 1920K, reserved 1048576K
}
Event: 6.439 GC heap before
{Heap before GC invocations=7 (full 0):
 PSYoungGen      total 55808K, used 55792K [0x00000000e0a00000, 0x00000000e4b00000, 0x0000000100000000)
  eden space 48128K, 100% used [0x00000000e0a00000,0x00000000e3900000,0x00000000e3900000)
  from space 7680K, 99% used [0x00000000e4180000,0x00000000e48fc030,0x00000000e4900000)
  to   space 8704K, 0% used [0x00000000e3900000,0x00000000e3900000,0x00000000e4180000)
 ParOldGen       total 65536K, used 7552K [0x00000000a1e00000, 0x00000000a5e00000, 0x00000000e0a00000)
  object space 65536K, 11% used [0x00000000a1e00000,0x00000000a2560318,0x00000000a5e00000)
 Metaspace       used 15126K, capacity 15310K, committed 15488K, reserved 1062912K
  class space    used 1816K, capacity 1909K, committed 1920K, reserved 1048576K
Event: 6.457 GC heap after
Heap after GC invocations=7 (full 0):
 PSYoungGen      total 56832K, used 8688K [0x00000000e0a00000, 0x00000000e8000000, 0x0000000100000000)
  eden space 48128K, 0% used [0x00000000e0a00000,0x00000000e0a00000,0x00000000e3900000)
  from space 8704K, 99% used [0x00000000e3900000,0x00000000e417c030,0x00000000e4180000)
  to   space 12288K, 0% used [0x00000000e7400000,0x00000000e7400000,0x00000000e8000000)
 ParOldGen       total 65536K, used 12502K [0x00000000a1e00000, 0x00000000a5e00000, 0x00000000e0a00000)
  object space 65536K, 19% used [0x00000000a1e00000,0x00000000a2a35a30,0x00000000a5e00000)
 Metaspace       used 15126K, capacity 15310K, committed 15488K, reserved 1062912K
  class space    used 1816K, capacity 1909K, committed 1920K, reserved 1048576K
}
Event: 7.741 GC heap before
{Heap before GC invocations=8 (full 0):
 PSYoungGen      total 56832K, used 56816K [0x00000000e0a00000, 0x00000000e8000000, 0x0000000100000000)
  eden space 48128K, 100% used [0x00000000e0a00000,0x00000000e3900000,0x00000000e3900000)
  from space 8704K, 99% used [0x00000000e3900000,0x00000000e417c030,0x00000000e4180000)
  to   space 12288K, 0% used [0x00000000e7400000,0x00000000e7400000,0x00000000e8000000)
 ParOldGen       total 65536K, used 12502K [0x00000000a1e00000, 0x00000000a5e00000, 0x00000000e0a00000)
  object space 65536K, 19% used [0x00000000a1e00000,0x00000000a2a35a30,0x00000000a5e00000)
 Metaspace       used 15372K, capacity 15608K, committed 15744K, reserved 1062912K
  class space    used 1821K, capacity 1916K, committed 1920K, reserved 1048576K
Event: 7.764 GC heap after
Heap after GC invocations=8 (full 0):
 PSYoungGen      total 105984K, used 12256K [0x00000000e0a00000, 0x00000000e8500000, 0x0000000100000000)
  eden space 93696K, 0% used [0x00000000e0a00000,0x00000000e0a00000,0x00000000e6580000)
  from space 12288K, 99% used [0x00000000e7400000,0x00000000e7ff8040,0x00000000e8000000)
  to   space 14848K, 0% used [0x00000000e6580000,0x00000000e6580000,0x00000000e7400000)
 ParOldGen       total 65536K, used 14568K [0x00000000a1e00000, 0x00000000a5e00000, 0x00000000e0a00000)
  object space 65536K, 22% used [0x00000000a1e00000,0x00000000a2c3a290,0x00000000a5e00000)
 Metaspace       used 15372K, capacity 15608K, committed 15744K, reserved 1062912K
  class space    used 1821K, capacity 1916K, committed 1920K, reserved 1048576K
}
Event: 10.972 GC heap before
{Heap before GC invocations=9 (full 0):
 PSYoungGen      total 105984K, used 105952K [0x00000000e0a00000, 0x00000000e8500000, 0x0000000100000000)
  eden space 93696K, 100% used [0x00000000e0a00000,0x00000000e6580000,0x00000000e6580000)
  from space 12288K, 99% used [0x00000000e7400000,0x00000000e7ff8040,0x00000000e8000000)
  to   space 14848K, 0% used [0x00000000e6580000,0x00000000e6580000,0x00000000e7400000)
 ParOldGen       total 65536K, used 14568K [0x00000000a1e00000, 0x00000000a5e00000, 0x00000000e0a00000)
  object space 65536K, 22% used [0x00000000a1e00000,0x00000000a2c3a290,0x00000000a5e00000)
 Metaspace       used 16574K, capacity 16950K, committed 17280K, reserved 1064960K
  class space    used 1936K, capacity 2085K, committed 2176K, reserved 1048576K
Event: 10.995 GC heap after
Heap after GC invocations=9 (full 0):
 PSYoungGen      total 108544K, used 14848K [0x00000000e0a00000, 0x00000000ec180000, 0x0000000100000000)
  eden space 93696K, 0% used [0x00000000e0a00000,0x00000000e0a00000,0x00000000e6580000)
  from space 14848K, 100% used [0x00000000e6580000,0x00000000e7400000,0x00000000e7400000)
  to   space 18944K, 0% used [0x00000000eaf00000,0x00000000eaf00000,0x00000000ec180000)
 ParOldGen       total 65536K, used 19804K [0x00000000a1e00000, 0x00000000a5e00000, 0x00000000e0a00000)
  object space 65536K, 30% used [0x00000000a1e00000,0x00000000a3157058,0x00000000a5e00000)
 Metaspace       used 16574K, capacity 16950K, committed 17280K, reserved 1064960K
  class space    used 1936K, capacity 2085K, committed 2176K, reserved 1048576K
}

Deoptimization events (10 events):
Event: 10.566 Thread 0x00000291140c8000 Uncommon trap: reason=class_check action=maybe_recompile pc=0x000002911632b148 method=com.google.inject.internal.LinkedBindingImpl.acceptTargetVisitor(Lcom/google/inject/spi/BindingTargetVisitor;)Ljava/lang/Object; @ 2
Event: 10.597 Thread 0x00000291140c8000 Uncommon trap: reason=bimorphic action=maybe_recompile pc=0x0000029115fb8d90 method=java.util.regex.Pattern$CharProperty.match(Ljava/util/regex/Matcher;ILjava/lang/CharSequence;)Z @ 37
Event: 10.614 Thread 0x00000291140c8000 Uncommon trap: reason=class_check action=maybe_recompile pc=0x000002911632b148 method=com.google.inject.internal.LinkedBindingImpl.acceptTargetVisitor(Lcom/google/inject/spi/BindingTargetVisitor;)Ljava/lang/Object; @ 2
Event: 10.614 Thread 0x00000291140c8000 Uncommon trap: reason=class_check action=maybe_recompile pc=0x000002911632b148 method=com.google.inject.internal.LinkedBindingImpl.acceptTargetVisitor(Lcom/google/inject/spi/BindingTargetVisitor;)Ljava/lang/Object; @ 2
Event: 10.619 Thread 0x00000291140c8000 Uncommon trap: reason=unstable_if action=reinterpret pc=0x000002911660a4e8 method=java.util.IdentityHashMap.remove(Ljava/lang/Object;)Ljava/lang/Object; @ 85
Event: 10.620 Thread 0x00000291140c8000 Uncommon trap: reason=null_check action=make_not_entrant pc=0x000002911649b760 method=org.eclipse.sisu.plexus.ClassRealmManager.visibleRealmNames(Lorg/codehaus/plexus/classworlds/realm/ClassRealm;)Ljava/util/Set; @ 19
Event: 11.166 Thread 0x00000291140c8000 Uncommon trap: reason=class_check action=maybe_recompile pc=0x0000029115ab0058 method=org.eclipse.sisu.wire.EntryListAdapter$ValueIterator.hasNext()Z @ 4
Event: 11.293 Thread 0x00000291140c8000 Uncommon trap: reason=bimorphic action=maybe_recompile pc=0x0000029115fb8d90 method=java.util.regex.Pattern$CharProperty.match(Ljava/util/regex/Matcher;ILjava/lang/CharSequence;)Z @ 37
Event: 11.297 Thread 0x00000291140c8000 Uncommon trap: reason=unstable_if action=reinterpret pc=0x0000029116608dec method=java.util.IdentityHashMap.closeDeletion(I)V @ 37
Event: 11.303 Thread 0x00000291140c8000 Uncommon trap: reason=unstable_if action=reinterpret pc=0x00000291161ec720 method=com.google.inject.internal.InjectorImpl.callInContext(Lcom/google/inject/internal/ContextualCallable;)Ljava/lang/Object; @ 161

Classes redefined (0 events):
No events

Internal exceptions (10 events):
Event: 3.674 Thread 0x00000291140c8000 Exception <a 'java/lang/NullPointerException'> (0x00000000e0fbfd38) thrown at [C:\jenkins\workspace\8-2-build-windows-amd64-cygwin\jdk8u291\1294\hotspot\src\share\vm\interpreter\linkResolver.cpp, line 1185]
Event: 3.674 Thread 0x00000291140c8000 Exception <a 'java/lang/NullPointerException'> (0x00000000e0fbff50) thrown at [C:\jenkins\workspace\8-2-build-windows-amd64-cygwin\jdk8u291\1294\hotspot\src\share\vm\interpreter\linkResolver.cpp, line 1185]
Event: 4.062 Thread 0x00000291140c8000 Implicit null exception at 0x0000029115fb99a1 to 0x0000029115fbabe9
Event: 5.393 Thread 0x00000291140c8000 Implicit null exception at 0x00000291161c3704 to 0x00000291161c474d
Event: 5.831 Thread 0x00000291140c8000 Implicit null exception at 0x000002911629e2b7 to 0x000002911629e4fd
Event: 6.065 Thread 0x00000291140c8000 Implicit null exception at 0x0000029115d84ed5 to 0x0000029115d850ad
Event: 6.066 Thread 0x00000291140c8000 Implicit null exception at 0x0000029115e46aef to 0x0000029115e46b59
Event: 6.290 Thread 0x00000291140c8000 Implicit null exception at 0x0000029116243492 to 0x00000291162438a1
Event: 10.620 Thread 0x00000291140c8000 Implicit null exception at 0x000002911649b079 to 0x000002911649b751
Event: 11.303 Thread 0x00000291140c8000 Implicit null exception at 0x00000291161eb547 to 0x00000291161ec705

Events (10 events):
Event: 11.516 loading class org/apache/maven/shared/utils/io/DirectoryScanResult
Event: 11.516 loading class org/apache/maven/shared/utils/io/DirectoryScanResult done
Event: 11.546 loading class org/apache/maven/plugins/resources/Delimiter
Event: 11.546 loading class org/apache/maven/plugins/resources/Delimiter done
Event: 11.547 loading class org/apache/maven/plugins/resources/Delimiter
Event: 11.547 loading class org/apache/maven/plugins/resources/Delimiter done
Event: 11.548 loading class org/apache/maven/plugins/resources/Delimiter
Event: 11.548 loading class org/apache/maven/plugins/resources/Delimiter done
Event: 11.603 loading class sun/misc/FloatingDecimal$ASCIIToBinaryBuffer
Event: 11.604 loading class sun/misc/FloatingDecimal$ASCIIToBinaryBuffer done


Dynamic libraries:
0x00007ff6cd250000 - 0x00007ff6cd297000 	C:\Program Files\Java\jre1.8.0_291\bin\javaw.exe
0x00007ffb31190000 - 0x00007ffb31385000 	C:\Windows\SYSTEM32\ntdll.dll
0x00007ffb31090000 - 0x00007ffb3114e000 	C:\Windows\System32\KERNEL32.DLL
0x00007ffb2ea00000 - 0x00007ffb2ecc8000 	C:\Windows\System32\KERNELBASE.dll
0x00007ffb30200000 - 0x00007ffb302ae000 	C:\Windows\System32\ADVAPI32.dll
0x00007ffb2f1f0000 - 0x00007ffb2f28e000 	C:\Windows\System32\msvcrt.dll
0x00007ffb30ba0000 - 0x00007ffb30c3c000 	C:\Windows\System32\sechost.dll
0x00007ffb2f7a0000 - 0x00007ffb2f8c5000 	C:\Windows\System32\RPCRT4.dll
0x00007ffb30cf0000 - 0x00007ffb30e90000 	C:\Windows\System32\USER32.dll
0x00007ffb2e9d0000 - 0x00007ffb2e9f2000 	C:\Windows\System32\win32u.dll
0x00007ffb2f8d0000 - 0x00007ffb2f8fb000 	C:\Windows\System32\GDI32.dll
0x00007ffb2ee80000 - 0x00007ffb2ef8d000 	C:\Windows\System32\gdi32full.dll
0x00007ffb2ef90000 - 0x00007ffb2f02d000 	C:\Windows\System32\msvcp_win.dll
0x00007ffb2f030000 - 0x00007ffb2f130000 	C:\Windows\System32\ucrtbase.dll
0x00007ffb14740000 - 0x00007ffb149da000 	C:\Windows\WinSxS\amd64_microsoft.windows.common-controls_6595b64144ccf1df_6.0.19041.1110_none_60b5254171f9507e\COMCTL32.dll
0x00007ffb301d0000 - 0x00007ffb30200000 	C:\Windows\System32\IMM32.DLL
0x00007ffb2e5e0000 - 0x00007ffb2e6e2000 	C:\Program Files\Avecto\Privilege Guard Client\PGHook.dll
0x00007ffb14d20000 - 0x00007ffb14d35000 	C:\Program Files\Java\jre1.8.0_291\bin\vcruntime140.dll
0x00007ffaf2760000 - 0x00007ffaf27fb000 	C:\Program Files\Java\jre1.8.0_291\bin\msvcp140.dll
0x0000000051880000 - 0x00000000520e0000 	C:\Program Files\Java\jre1.8.0_291\bin\server\jvm.dll
0x00007ffb2f1e0000 - 0x00007ffb2f1e8000 	C:\Windows\System32\PSAPI.DLL
0x00007ffb1cb00000 - 0x00007ffb1cb09000 	C:\Windows\SYSTEM32\WSOCK32.dll
0x00007ffb302b0000 - 0x00007ffb3031b000 	C:\Windows\System32\WS2_32.dll
0x00007ffb241a0000 - 0x00007ffb241c7000 	C:\Windows\SYSTEM32\WINMM.dll
0x00007ffb24660000 - 0x00007ffb2466a000 	C:\Windows\SYSTEM32\VERSION.dll
0x00007ffb2d1b0000 - 0x00007ffb2d1c2000 	C:\Windows\SYSTEM32\kernel.appcore.dll
0x00007ffb243a0000 - 0x00007ffb243b0000 	C:\Program Files\Java\jre1.8.0_291\bin\verify.dll
0x00007ffb22a30000 - 0x00007ffb22a5b000 	C:\Program Files\Java\jre1.8.0_291\bin\java.dll
0x00007ffb22ab0000 - 0x00007ffb22ac8000 	C:\Program Files\Java\jre1.8.0_291\bin\zip.dll
0x00007ffb30450000 - 0x00007ffb30b94000 	C:\Windows\System32\SHELL32.dll
0x00007ffb2c540000 - 0x00007ffb2ccd4000 	C:\Windows\SYSTEM32\windows.storage.dll
0x00007ffb2f290000 - 0x00007ffb2f5e5000 	C:\Windows\System32\combase.dll
0x00007ffb2e110000 - 0x00007ffb2e13e000 	C:\Windows\SYSTEM32\Wldp.dll
0x00007ffb30c40000 - 0x00007ffb30ced000 	C:\Windows\System32\SHCORE.dll
0x00007ffb2fa00000 - 0x00007ffb2fa55000 	C:\Windows\System32\shlwapi.dll
0x00007ffb2e7e0000 - 0x00007ffb2e7ff000 	C:\Windows\SYSTEM32\profapi.dll
0x00007ffb1dea0000 - 0x00007ffb1debc000 	C:\Program Files\Java\jre1.8.0_291\bin\net.dll
0x00007ffb2de70000 - 0x00007ffb2deda000 	C:\Windows\system32\mswsock.dll
0x00007ffb1dbf0000 - 0x00007ffb1dc03000 	C:\Program Files\Java\jre1.8.0_291\bin\nio.dll
0x00007ffb2c350000 - 0x00007ffb2c534000 	C:\Windows\SYSTEM32\dbghelp.dll
0x00007ffb2e8d0000 - 0x00007ffb2e952000 	C:\Windows\System32\bcryptPrimitives.dll

VM Arguments:
jvm_args: -Dmaven.home=EMBEDDED -Dclassworlds.conf=C:\Users\2063029\eclipse-workspace\.metadata\.plugins\org.eclipse.m2e.launching\launches\m2conf7627788009913995272.tmp -Dmaven.multiModuleProjectDirectory=C:\Mfpe\MFPE_Projects-main\MFPE_Projects-main\POD-2\swagger-documentation\swagger-documentation -Dfile.encoding=Cp1252 
java_command: org.codehaus.plexus.classworlds.launcher.Launcher -B install
java_class_path (initial): C:\Users\2063029\Downloads\Eclipse IDE for Java EE Developers.4.7.0 - 64\eclipse\plugins\org.eclipse.m2e.maven.runtime_1.8.3.20180227-2135\jars\plexus-classworlds-2.5.2.jar
Launcher Type: SUN_STANDARD

Environment Variables:
PATH=C:/Program Files/Java/jre1.8.0_291/bin/server;C:/Program Files/Java/jre1.8.0_291/bin;C:/Program Files/Java/jre1.8.0_291/lib/amd64;C:\Program Files (x86)\Common Files\Oracle\Java\javapath;C:\Windows\system32;C:\Windows;C:\Windows\System32\Wbem;C:\Windows\System32\WindowsPowerShell\v1.0\;C:\Windows\System32\OpenSSH\;C:\Program Files\Amazon\AWSCLIV2\;C:\Program Files\MySQL\MySQL Shell 8.0\bin\;C:\Users\2063029\AppData\Local\Microsoft\WindowsApps;C:\Program Files\Java\jdk1.8.0_291\bin;;C:\Users\2063029\Downloads\Eclipse IDE for Java EE Developers.4.7.0 - 64\eclipse;
USERNAME=2063029
OS=Windows_NT
PROCESSOR_IDENTIFIER=AMD64 Family 23 Model 24 Stepping 1, AuthenticAMD



---------------  S Y S T E M  ---------------

OS: Windows 10.0 , 64 bit Build 19041 (10.0.19041.1503)

CPU:total 8 (initial active 8) (8 cores per cpu, 1 threads per core) family 23 model 24 stepping 1, cmov, cx8, fxsr, mmx, sse, sse2, sse3, ssse3, sse4.1, sse4.2, popcnt, avx, avx2, aes, clmul, mmxext, 3dnowpref, lzcnt, sse4a, tsc, tscinvbit, tscinv, bmi1

Memory: 4k page, physical 6166948k(254828k free), swap 25041316k(1948k free)

vm_info: Java HotSpot(TM) 64-Bit Server VM (25.291-b10) for windows-amd64 JRE (1.8.0_291-b10), built on Apr  9 2021 00:02:00 by "java_re" with MS VC++ 15.9 (VS2017)

time: Fri Mar  4 16:22:40 2022
timezone: India Standard Time
elapsed time: 11.930842 seconds (0d 0h 0m 11s)

